<?xml version="1.0" encoding="utf-8"?><testsuites name="pytest tests"><testsuite name="pytest" errors="0" failures="0" skipped="0" tests="9" time="1.210" timestamp="2026-09-06T04:48:17.647363+00:00" hostname="agent-env-b4a8fee0-c0bc-485c-9eb6-d298b3c89aa2"><testcase classname="tests.test_core" name="test_login_success" time="0.273" /><testcase classname="tests.test_core" name="test_login_wrong_password_rejected" time="0.234" /><testcase classname="tests.test_core" name="test_admin_endpoint_requires_auth" time="0.002" /><testcase classname="tests.test_core" name="test_concurrent_card_creation_unique" time="0.034" /><testcase classname="tests.test_core" name="test_card_code_invalid_rejected" time="0.002" /><testcase classname="tests.test_core" name="test_card_not_found" time="0.003" /><testcase classname="tests.test_core" name="test_full_card_lifecycle" time="0.039" /><testcase classname="tests.test_core" name="test_activation_validates_url" time="0.007" /><testcase classname="tests.test_core" name="test_correction_flow" time="0.049" /></testsuite></testsuites>